mktextfm Tahoma
mktextfm Tahoma
mktextfm Tahoma
mktextfm Tahoma/BI
mktextfm Tahoma
mktextfm Tahoma/B
mktextfm Tahoma
mktextfm Tahoma/I
mktextfm Tahoma
mktextfm Tahoma
mktextfm Tahoma
mktextfm Tahoma
mktextfm Tahoma
mktextfm Tahoma
mktextfm Tahoma
mktextfm Tahoma
mktextfm Tahoma
mktextfm Tahoma
mktextfm Tahoma
mktextfm Tahoma
mktextfm Tahoma/BI
mktextfm Tahoma
mktextfm Tahoma/B
mktextfm Tahoma
mktextfm Tahoma/I
mktextfm Tahoma
mktextfm Tahoma
mktextfm Tahoma
mktextfm Tahoma
mktextfm Tahoma
mktextfm Tahoma
mktextfm Tahoma
mktextfm Tahoma
mktextfm Tahoma
mktextfm Tahoma
mktextfm Tahoma
mktextfm Tahoma
mktextfm Tahoma/BI
mktextfm Tahoma
mktextfm Tahoma/B
mktextfm Tahoma
mktextfm Tahoma/I
mktextfm Tahoma
mktextfm Tahoma
mktextfm Tahoma
mktextfm Tahoma
mktextfm Tahoma
mktextfm Tahoma
mktextfm Tahoma
mktextfm Tahoma
mktextfm Tahoma
mktextfm Tahoma
mktextfm Tahoma
mktextfm Tahoma
mktextfm Tahoma/BI
mktextfm Tahoma
mktextfm Tahoma/B
mktextfm Tahoma
mktextfm Tahoma/I
mktextfm Tahoma
mktextfm Tahoma
mktextfm Tahoma
mktextfm Tahoma
mktextfm Tahoma
mktextfm Tahoma
mktextfm Tahoma
mktextfm Tahoma
mktextfm Tahoma
mktextfm Calibri
mktextfm Calibri
mktextfm Calibri
mktextfm Calibri/BI
mktextfm Calibri
mktextfm Calibri/B
mktextfm Calibri
mktextfm Calibri/I
mktextfm Calibri
mktextfm Calibri
mktextfm Calibri
mktextfm Calibri
mktextfm Calibri
mktextfm Calibri
mktextfm Calibri
mktextfm Calibri
mktextfm Calibri
mktextfm Tahoma
mktextfm Tahoma
mktextfm Tahoma
mktextfm Tahoma/BI
mktextfm Tahoma
mktextfm Tahoma/B
mktextfm Tahoma
mktextfm Tahoma/I
mktextfm Tahoma
mktextfm Tahoma
mktextfm Tahoma
mktextfm Tahoma
mktextfm Tahoma
mktextfm Tahoma
mktextfm Tahoma
mktextfm Tahoma
mktextfm Tahoma
